WARNING:pynlpir.pos_map:part of speech not recognized: 'gms'
split -b 10m ../data/doc_3c_product ../data/doc_3c_product
Traceback (most recent call last):
  File "get_word_by_product.py", line 26, in <module>
    word.split_main(docfile, wordfile, 1000)
  File "../mob_autotag/word.py", line 87, in split_main
    main(i, o, max_words=max_words)
  File "../mob_autotag/word.py", line 59, in main
    word_by_pynlpir(f, word_dict, max_words=max_words)
  File "../mob_autotag/word.py", line 33, in word_by_pynlpir
    weighted_word_list = pynlpir.get_key_words(inputfile, weighted=True, max_words=max_words)
  File "/Users/hanjingbo/git/pynlpir/pynlpir/__init__.py", line 273, in get_key_words
    s = _decode(s)
  File "/Users/hanjingbo/git/pynlpir/pynlpir/__init__.py", line 164, in _decode
    return s if isinstance(s, unicode) else s.decode(encoding, errors)
  File "/Users/hanjingbo/anaconda2/lib/python2.7/encodings/utf_8.py", line 16, in decode
    return codecs.utf_8_decode(input, errors, True)
UnicodeDecodeError: 'utf8' codec can't decode bytes in position 10485758-10485759: unexpected end of data
WARNING:pynlpir.pos_map:part of speech not recognized: 'gms'
split -b 10m ../data/doc_3c_product ../data/doc_3c_product
exception 'utf8' codec can't decode bytes in position 10485758-10485759: unexpected end of data
exception 'utf8' codec can't decode byte 0xba in position 0: invalid start byte
exception 'utf8' codec can't decode byte 0x89 in position 0: invalid start byte
exception 'utf8' codec can't decode bytes in position 10485758-10485759: unexpected end of data
exception 'utf8' codec can't decode byte 0xa4 in position 0: invalid start byte
exception 'utf8' codec can't decode byte 0xa0 in position 0: invalid start byte
exception 'utf8' codec can't decode byte 0xa4 in position 0: invalid start byte
exception 'utf8' codec can't decode bytes in position 10485758-10485759: unexpected end of data
exception 'utf8' codec can't decode byte 0x9b in position 0: invalid start byte
WARNING:pynlpir.pos_map:part of speech not recognized: 'gms'
